
> mtb-galaxy@0.1.0 build:web
> npm run build --workspace @mtb/web


> @mtb/web@0.1.0 build
> tsc -b && vite build

[36mvite v6.4.2 [32mbuilding for production...[36m[39m
transforming...
[32m✓[39m 533 modules transformed.
rendering chunks...
computing gzip size...
[2mdist/[22m[32mindex.html                               [39m[1m[2m  0.50 kB[22m[1m[22m[2m │ gzip:   0.31 kB[22m
[2mdist/[22m[35massets/index-PanYhAQd.css                [39m[1m[2m 56.30 kB[22m[1m[22m[2m │ gzip:  11.73 kB[22m
[2mdist/[22m[36massets/session-store-v-q_APxn.js         [39m[1m[2m  0.21 kB[22m[1m[22m[2m │ gzip:   0.19 kB[22m
[2mdist/[22m[36massets/use-admin-stream-DrLg2xPg.js      [39m[1m[2m  0.27 kB[22m[1m[22m[2m │ gzip:   0.23 kB[22m
[2mdist/[22m[36massets/FeatureLockedPage-IuYoA5x9.js     [39m[1m[2m  0.80 kB[22m[1m[22m[2m │ gzip:   0.49 kB[22m
[2mdist/[22m[36massets/api-CXv4nbfy.js                   [39m[1m[2m  1.84 kB[22m[1m[22m[2m │ gzip:   0.87 kB[22m
[2mdist/[22m[36massets/AdminKpiPage-D1BVZ8xD.js          [39m[1m[2m  1.91 kB[22m[1m[22m[2m │ gzip:   1.02 kB[22m
[2mdist/[22m[36massets/AdminSimulatorPage-Dg5IXHAT.js    [39m[1m[2m  2.33 kB[22m[1m[22m[2m │ gzip:   1.12 kB[22m
[2mdist/[22m[36massets/GamesPage-BDUgxb87.js             [39m[1m[2m  2.43 kB[22m[1m[22m[2m │ gzip:   1.02 kB[22m
[2mdist/[22m[36massets/PlanetsMapScreen-DrXgIidz.js      [39m[1m[2m  2.50 kB[22m[1m[22m[2m │ gzip:   1.05 kB[22m
[2mdist/[22m[36massets/QuestsPage-D2NZbZTE.js            [39m[1m[2m  3.09 kB[22m[1m[22m[2m │ gzip:   1.55 kB[22m
[2mdist/[22m[36massets/useMutation-BpBeos45.js           [39m[1m[2m  3.10 kB[22m[1m[22m[2m │ gzip:   1.27 kB[22m
[2mdist/[22m[36massets/fe2-api-CkULOggY.js               [39m[1m[2m  3.10 kB[22m[1m[22m[2m │ gzip:   1.52 kB[22m
[2mdist/[22m[36massets/FintechMatch3Page-BXQ1k3oG.js     [39m[1m[2m  3.54 kB[22m[1m[22m[2m │ gzip:   1.73 kB[22m
[2mdist/[22m[36massets/AdminRiskPage-C_IJYMw5.js         [39m[1m[2m  3.60 kB[22m[1m[22m[2m │ gzip:   1.41 kB[22m
[2mdist/[22m[36massets/ReferralsPage-DjzuNxUH.js         [39m[1m[2m  3.74 kB[22m[1m[22m[2m │ gzip:   1.62 kB[22m
[2mdist/[22m[36massets/MobyJumpPage-B1o96YwY.js          [39m[1m[2m  4.04 kB[22m[1m[22m[2m │ gzip:   1.91 kB[22m
[2mdist/[22m[36massets/game-page-shared-Dpg21FPR.js      [39m[1m[2m  4.08 kB[22m[1m[22m[2m │ gzip:   1.88 kB[22m
[2mdist/[22m[36massets/MobyBirdPage-DdlZIQUq.js          [39m[1m[2m  4.23 kB[22m[1m[22m[2m │ gzip:   2.03 kB[22m
[2mdist/[22m[36massets/SuperMobyBrosPage-CYBLbdCW.js     [39m[1m[2m  4.35 kB[22m[1m[22m[2m │ gzip:   1.94 kB[22m
[2mdist/[22m[36massets/LeaderboardScreen-BENr7BwN.js     [39m[1m[2m  4.59 kB[22m[1m[22m[2m │ gzip:   1.69 kB[22m
[2mdist/[22m[36massets/CashbackTetrisPage-vuhkvpZC.js    [39m[1m[2m  5.36 kB[22m[1m[22m[2m │ gzip:   2.41 kB[22m
[2mdist/[22m[36massets/PlanetDetailScreen-CbLuM3fm.js    [39m[1m[2m  5.98 kB[22m[1m[22m[2m │ gzip:   2.38 kB[22m
[2mdist/[22m[36massets/GameScreen-0ZMVt-jd.js            [39m[1m[2m  6.36 kB[22m[1m[22m[2m │ gzip:   2.43 kB[22m
[2mdist/[22m[36massets/CreditShieldGamePage-CGVNKu6C.js  [39m[1m[2m  7.63 kB[22m[1m[22m[2m │ gzip:   2.96 kB[22m
[2mdist/[22m[36massets/SocialRingGamePage-C2hWYe_S.js    [39m[1m[2m  8.80 kB[22m[1m[22m[2m │ gzip:   3.37 kB[22m
[2mdist/[22m[36massets/SnakePage-C1SyxV-G.js             [39m[1m[2m  8.84 kB[22m[1m[22m[2m │ gzip:   3.46 kB[22m
[2mdist/[22m[36massets/RewardsPage-C2bgpRTz.js           [39m[1m[2m 10.08 kB[22m[1m[22m[2m │ gzip:   2.95 kB[22m
[2mdist/[22m[36massets/useQuery-GWIhH1c1.js              [39m[1m[2m 10.45 kB[22m[1m[22m[2m │ gzip:   3.72 kB[22m
[2mdist/[22m[36massets/GalaxyPage-F8pwppLO.js            [39m[1m[2m 44.15 kB[22m[1m[22m[2m │ gzip:  13.54 kB[22m
[2mdist/[22m[36massets/index-ci54VRIq.js                 [39m[1m[2m470.45 kB[22m[1m[22m[2m │ gzip: 150.13 kB[22m
[32m✓ built in 3.13s[39m
